#
# There is insufficient memory for the Java Runtime Environment to continue.
# Native memory allocation (malloc) failed to allocate 1048576 bytes for AllocateHeap
# Possible reasons:
#   The system is out of physical RAM or swap space
#   In 32 bit mode, the process size limit was hit
# Possible solutions:
#   Reduce memory load on the system
#   Increase physical memory or swap space
#   Check if swap backing store is full
#   Use 64 bit Java on a 64 bit OS
#   Decrease Java heap size (-Xmx/-Xms)
#   Decrease number of Java threads
#   Decrease Java thread stack sizes (-Xss)
#   Set larger code cache with -XX:ReservedCodeCacheSize=
# This output file may be truncated or incomplete.
#
#  Out of Memory Error (memory/allocation.inline.hpp:61), pid=2408, tid=0x0000000000005c78
#
# JRE version:  (8.0_102-b14) (build )
# Java VM: Java HotSpot(TM) 64-Bit Server VM (25.102-b14 mixed mode windows-amd64 compressed oops)
# Failed to write core dump. Minidumps are not enabled by default on client versions of Windows
#

---------------  T H R E A D  ---------------

Current thread (0x0000000001180800):  JavaThread "Unknown thread" [_thread_in_vm, id=23672, stack(0x0000000001080000,0x0000000001180000)]

Stack: [0x0000000001080000,0x0000000001180000]
[error occurred during error reporting (printing stack bounds), id 0xc0000005]

Native frames: (J=compiled Java code, j=interpreted, Vv=VM code, C=native code)


---------------  P R O C E S S  ---------------

Java Threads: ( => current thread )

Other Threads:

=>0x0000000001180800 (exited) JavaThread "Unknown thread" [_thread_in_vm, id=23672, stack(0x0000000001080000,0x0000000001180000)]

VM state:not at safepoint (normal execution)

VM Mutex/Monitor currently owned by a thread: None

Heap:
 PSYoungGen      total 76288K, used 1310K [0x000000076b380000, 0x0000000770880000, 0x00000007c0000000)
  eden space 65536K, 2% used [0x000000076b380000,0x000000076b4c7af0,0x000000076f380000)
  from space 10752K, 0% used [0x000000076fe00000,0x000000076fe00000,0x0000000770880000)
  to   space 10752K, 0% used [0x000000076f380000,0x000000076f380000,0x000000076fe00000)
 ParOldGen       total 175104K, used 0K [0x00000006c1a00000, 0x00000006cc500000, 0x000000076b380000)
  object space 175104K, 0% used [0x00000006c1a00000,0x00000006c1a00000,0x00000006cc500000)
 Metaspace       used 746K, capacity 4480K, committed 4480K, reserved 1056768K
  class space    used 75K, capacity 384K, committed 384K, reserved 1048576K

Card table byte_map: [0x0000000001640000,0x0000000001e40000] byte_map_base: 0xfffffffffe033000

Marking Bits: (ParMarkBitMap*) 0x0000000050bca6c0
 Begin Bits: [0x0000000013050000, 0x0000000016fe8000)
 End Bits:   [0x0000000016fe8000, 0x000000001af80000)

Polling page: 0x0000000000cd0000

CodeCache: size=245760Kb used=328Kb max_used=328Kb free=245431Kb
 bounds [0x0000000003400000, 0x0000000003670000, 0x0000000012400000]
 total_blobs=58 nmethods=0 adapters=38
 compilation: enabled

Compilation events (0 events):
No events

GC Heap History (0 events):
No events

Deoptimization events (0 events):
No events

Internal exceptions (0 events):
No events

Events (10 events):
Event: 0.616 loading class java/lang/Short
Event: 0.616 loading class java/lang/Short done
Event: 0.616 loading class java/lang/Integer
Event: 0.616 loading class java/lang/Integer done
Event: 0.616 loading class java/lang/Long
Event: 0.616 loading class java/lang/Long done
Event: 0.617 loading class java/lang/NullPointerException
Event: 0.617 loading class java/lang/NullPointerException done
Event: 0.617 loading class java/lang/ArithmeticException
Event: 0.617 loading class java/lang/ArithmeticException done


Dynamic libraries:
0x00007ff6c4c50000 - 0x00007ff6c4c87000 	C:\Program Files\Java\jre1.8.0_102\bin\javaw.exe
0x00007ff95c1d0000 - 0x00007ff95c391000 	C:\WINDOWS\SYSTEM32\ntdll.dll
0x00007ff95bc40000 - 0x00007ff95bced000 	C:\WINDOWS\system32\KERNEL32.DLL
0x00007ff959310000 - 0x00007ff9594f8000 	C:\WINDOWS\system32\KERNELBASE.dll
0x00007ff95c010000 - 0x00007ff95c0b7000 	C:\WINDOWS\system32\ADVAPI32.dll
0x00007ff95b2b0000 - 0x00007ff95b34d000 	C:\WINDOWS\system32\msvcrt.dll
0x00007ff95b550000 - 0x00007ff95b5ab000 	C:\WINDOWS\system32\sechost.dll
0x00007ff95b350000 - 0x00007ff95b46c000 	C:\WINDOWS\system32\RPCRT4.dll
0x00007ff95bcf0000 - 0x00007ff95be46000 	C:\WINDOWS\system32\USER32.dll
0x00007ff95b0c0000 - 0x00007ff95b246000 	C:\WINDOWS\system32\GDI32.dll
0x00007ff953e40000 - 0x00007ff9540b4000 	C:\WINDOWS\WinSxS\amd64_microsoft.windows.common-controls_6595b64144ccf1df_6.0.10586.589_none_a2ddb3caa539acce\COMCTL32.dll
0x00007ff959720000 - 0x00007ff95999d000 	C:\WINDOWS\system32\combase.dll
0x00007ff9589d0000 - 0x00007ff958a3a000 	C:\WINDOWS\system32\bcryptPrimitives.dll
0x00007ff95b250000 - 0x00007ff95b28b000 	C:\WINDOWS\system32\IMM32.DLL
0x00000000502a0000 - 0x0000000050371000 	C:\Program Files\Java\jre1.8.0_102\bin\msvcr100.dll
0x00000000503b0000 - 0x0000000050c4a000 	C:\Program Files\Java\jre1.8.0_102\bin\server\jvm.dll
0x00007ff95b540000 - 0x00007ff95b548000 	C:\WINDOWS\system32\PSAPI.DLL
0x00007ff956ef0000 - 0x00007ff956f13000 	C:\WINDOWS\SYSTEM32\WINMM.dll
0x00007ff955bd0000 - 0x00007ff955bd9000 	C:\WINDOWS\SYSTEM32\WSOCK32.dll
0x00007ff953d10000 - 0x00007ff953d1a000 	C:\WINDOWS\SYSTEM32\VERSION.dll
0x00007ff95b620000 - 0x00007ff95b68b000 	C:\WINDOWS\system32\WS2_32.dll
0x00007ff9569a0000 - 0x00007ff9569cc000 	C:\WINDOWS\SYSTEM32\WINMMBASE.dll
0x00007ff9592c0000 - 0x00007ff959303000 	C:\WINDOWS\system32\cfgmgr32.dll
0x00000000513d0000 - 0x00000000513df000 	C:\Program Files\Java\jre1.8.0_102\bin\verify.dll
0x0000000051150000 - 0x0000000051179000 	C:\Program Files\Java\jre1.8.0_102\bin\java.dll
0x0000000051130000 - 0x0000000051146000 	C:\Program Files\Java\jre1.8.0_102\bin\zip.dll

VM Arguments:
jvm_args: -Dfile.encoding=Cp1252 
java_command: MyList
java_class_path (initial): F:\IUT\workspace\ListExample\bin
Launcher Type: SUN_STANDARD

Environment Variables:
PATH=C:/Program Files/Java/jre1.8.0_102/bin/server;C:/Program Files/Java/jre1.8.0_102/bin;C:/Program Files/Java/jre1.8.0_102/lib/amd64;C:\oraclexe\app\oracle\product\11.2.0\server\bin;C:\ProgramData\Oracle\Java\javapath;C:\Program Files (x86)\Intel\iCLS Client\;C:\Program Files\Intel\iCLS Client\;C:\Windows\system32;C:\Windows;C:\Windows\System32\Wbem;C:\Windows\System32\WindowsPowerShell\v1.0\;C:\Program Files (x86)\Intel\Intel(R) Management Engine Components\DAL;C:\Program Files\Intel\Intel(R) Management Engine Components\DAL;C:\Program Files (x86)\Intel\Intel(R) Management Engine Components\IPT;C:\Program Files\Intel\Intel(R) Management Engine Components\IPT;C:\Program Files (x86)\Windows Kits\8.1\Windows Performance Toolkit\;C:\Program Files\Microsoft SQL Server\110\Tools\Binn\;C:\Program Files (x86)\Microsoft SDKs\TypeScript\1.0\;C:\WINDOWS\system32;C:\WINDOWS;C:\WINDOWS\System32\Wbem;C:\WINDOWS\System32\WindowsPowerShell\v1.0\;C:\Program Files (x86)\NVIDIA Corporation\PhysX\Common;C:\Program Files (x86)\Java\jdk1.8.0_60\bin;C:\Program Files (x86)\Java\jdk1.8.0_60\bin;C:\WINDOWS\system32;
USERNAME=asus
OS=Windows_NT
PROCESSOR_IDENTIFIER=Intel64 Family 6 Model 94 Stepping 3, GenuineIntel



---------------  S Y S T E M  ---------------

OS: Windows 10.0 , 64 bit Build 10586 (10.0.10586.589)

CPU:total 8 (4 cores per cpu, 2 threads per core) family 6 model 94 stepping 3, cmov, cx8, fxsr, mmx, sse, sse2, sse3, ssse3, sse4.1, sse4.2, popcnt, avx, avx2, aes, clmul, erms, rtm, 3dnowpref, lzcnt, ht, tsc, tscinvbit, bmi1, bmi2, adx

Memory: 4k page, physical 16670228k(8280672k free), swap 64054288k(5568k free)

vm_info: Java HotSpot(TM) 64-Bit Server VM (25.102-b14) for windows-amd64 JRE (1.8.0_102-b14), built on Jun 22 2016 13:15:21 by "java_re" with MS VC++ 10.0 (VS2010)

time: Tue Nov 01 18:12:03 2016
elapsed time: 0 seconds (0d 0h 0m 0s)

